This is pdfTeX, Version 3.1415926-2.3-1.40.12 (TeX Live 2011) (format=pdflatex 2011.12.5)  26 JAN 2012 16:44
entering extended mode
 restricted \write18 enabled.
 %&-line parsing enabled.
**thesis
(./thesis.tex
LaTeX2e <2011/06/27>
Babel <v3.8m> and hyphenation patterns for english, dumylang, nohyphenation, ge
rman-x-2011-07-01, ngerman-x-2011-07-01, afrikaans, ancientgreek, ibycus, arabi
c, armenian, basque, bulgarian, catalan, pinyin, coptic, croatian, czech, danis
h, dutch, ukenglish, usenglishmax, esperanto, estonian, ethiopic, farsi, finnis
h, french, galician, german, ngerman, swissgerman, monogreek, greek, hungarian,
 icelandic, assamese, bengali, gujarati, hindi, kannada, malayalam, marathi, or
iya, panjabi, tamil, telugu, indonesian, interlingua, irish, italian, kurmanji,
 lao, latin, latvian, lithuanian, mongolian, mongolianlmc, bokmal, nynorsk, pol
ish, portuguese, romanian, russian, sanskrit, serbian, serbianc, slovak, sloven
ian, spanish, swedish, turkish, turkmen, ukrainian, uppersorbian, welsh, loaded
.
(/usr/local/texlive/2011/texmf-dist/tex/latex/base/report.cls
Document Class: report 2007/10/19 v1.4h Standard LaTeX document class
(/usr/local/texlive/2011/texmf-dist/tex/latex/base/size10.clo
File: size10.clo 2007/10/19 v1.4h Standard LaTeX file (size option)
)
\c@part=\count79
\c@chapter=\count80
\c@section=\count81
\c@subsection=\count82
\c@subsubsection=\count83
\c@paragraph=\count84
\c@subparagraph=\count85
\c@figure=\count86
\c@table=\count87
\abovecaptionskip=\skip41
\belowcaptionskip=\skip42
\bibindent=\dimen102
)
(/usr/local/texlive/2011/texmf-dist/tex/latex/geometry/geometry.sty
Package: geometry 2010/09/12 v5.6 Page Geometry

(/usr/local/texlive/2011/texmf-dist/tex/latex/graphics/keyval.sty
Package: keyval 1999/03/16 v1.13 key=value parser (DPC)
\KV@toks@=\toks14
)
(/usr/local/texlive/2011/texmf-dist/tex/generic/oberdiek/ifpdf.sty
Package: ifpdf 2011/01/30 v2.3 Provides the ifpdf switch (HO)
Package ifpdf Info: pdfTeX in PDF mode is detected.
)
(/usr/local/texlive/2011/texmf-dist/tex/generic/oberdiek/ifvtex.sty
Package: ifvtex 2010/03/01 v1.5 Switches for detecting VTeX and its modes (HO)
Package ifvtex Info: VTeX not detected.
)
(/usr/local/texlive/2011/texmf-dist/tex/generic/ifxetex/ifxetex.sty
Package: ifxetex 2010/09/12 v0.6 Provides ifxetex conditional
)
\Gm@cnth=\count88
\Gm@cntv=\count89
\c@Gm@tempcnt=\count90
\Gm@bindingoffset=\dimen103
\Gm@wd@mp=\dimen104
\Gm@odd@mp=\dimen105
\Gm@even@mp=\dimen106
\Gm@layoutwidth=\dimen107
\Gm@layoutheight=\dimen108
\Gm@layouthoffset=\dimen109
\Gm@layoutvoffset=\dimen110
\Gm@dimlist=\toks15
)
(/usr/local/texlive/2011/texmf-dist/tex/latex/natbib/natbib.sty
Package: natbib 2010/09/13 8.31b (PWD, AO)
\bibhang=\skip43
\bibsep=\skip44
LaTeX Info: Redefining \cite on input line 694.
\c@NAT@ctr=\count91
)
(/usr/local/texlive/2011/texmf-dist/tex/latex/graphics/graphicx.sty
Package: graphicx 1999/02/16 v1.0f Enhanced LaTeX Graphics (DPC,SPQR)

(/usr/local/texlive/2011/texmf-dist/tex/latex/graphics/graphics.sty
Package: graphics 2009/02/05 v1.0o Standard LaTeX Graphics (DPC,SPQR)

(/usr/local/texlive/2011/texmf-dist/tex/latex/graphics/trig.sty
Package: trig 1999/03/16 v1.09 sin cos tan (DPC)
)
(/usr/local/texlive/2011/texmf-dist/tex/latex/latexconfig/graphics.cfg
File: graphics.cfg 2010/04/23 v1.9 graphics configuration of TeX Live
)
Package graphics Info: Driver file: pdftex.def on input line 91.

(/usr/local/texlive/2011/texmf-dist/tex/latex/pdftex-def/pdftex.def
File: pdftex.def 2011/05/27 v0.06d Graphics/color for pdfTeX

(/usr/local/texlive/2011/texmf-dist/tex/generic/oberdiek/infwarerr.sty
Package: infwarerr 2010/04/08 v1.3 Providing info/warning/message (HO)
)
(/usr/local/texlive/2011/texmf-dist/tex/generic/oberdiek/ltxcmds.sty
Package: ltxcmds 2011/04/18 v1.20 LaTeX kernel commands for general use (HO)
)
\Gread@gobject=\count92
))
\Gin@req@height=\dimen111
\Gin@req@width=\dimen112
)
(/usr/local/texlive/2011/texmf-dist/tex/latex/booktabs/booktabs.sty
Package: booktabs 2005/04/14 v1.61803 publication quality tables
\heavyrulewidth=\dimen113
\lightrulewidth=\dimen114
\cmidrulewidth=\dimen115
\belowrulesep=\dimen116
\belowbottomsep=\dimen117
\aboverulesep=\dimen118
\abovetopsep=\dimen119
\cmidrulesep=\dimen120
\cmidrulekern=\dimen121
\defaultaddspace=\dimen122
\@cmidla=\count93
\@cmidlb=\count94
\@aboverulesep=\dimen123
\@belowrulesep=\dimen124
\@thisruleclass=\count95
\@lastruleclass=\count96
\@thisrulewidth=\dimen125
)
(/usr/local/texlive/2011/texmf-dist/tex/latex/oberdiek/epstopdf.sty
Package: epstopdf 2010/02/09 v2.5 Conversion with epstopdf on the fly (HO)

(/usr/local/texlive/2011/texmf-dist/tex/latex/oberdiek/epstopdf-base.sty
Package: epstopdf-base 2010/02/09 v2.5 Base part for package epstopdf

(/usr/local/texlive/2011/texmf-dist/tex/latex/oberdiek/grfext.sty
Package: grfext 2010/08/19 v1.1 Managing graphics extensions (HO)

(/usr/local/texlive/2011/texmf-dist/tex/generic/oberdiek/kvdefinekeys.sty
Package: kvdefinekeys 2011/04/07 v1.3 Defining keys (HO)
))
(/usr/local/texlive/2011/texmf-dist/tex/latex/oberdiek/kvoptions.sty
Package: kvoptions 2010/12/23 v3.10 Keyval support for LaTeX options (HO)

(/usr/local/texlive/2011/texmf-dist/tex/generic/oberdiek/kvsetkeys.sty
Package: kvsetkeys 2011/04/07 v1.13 Key value parser (HO)

(/usr/local/texlive/2011/texmf-dist/tex/generic/oberdiek/etexcmds.sty
Package: etexcmds 2011/02/16 v1.5 Prefix for e-TeX command names (HO)

(/usr/local/texlive/2011/texmf-dist/tex/generic/oberdiek/ifluatex.sty
Package: ifluatex 2010/03/01 v1.3 Provides the ifluatex switch (HO)
Package ifluatex Info: LuaTeX not detected.
)
Package etexcmds Info: Could not find \expanded.
(etexcmds)             That can mean that you are not using pdfTeX 1.50 or
(etexcmds)             that some package has redefined \expanded.
(etexcmds)             In the latter case, load this package earlier.
)))
(/usr/local/texlive/2011/texmf-dist/tex/generic/oberdiek/pdftexcmds.sty
Package: pdftexcmds 2011/04/22 v0.16 Utilities of pdfTeX for LuaTeX (HO)
Package pdftexcmds Info: LuaTeX not detected.
Package pdftexcmds Info: \pdf@primitive is available.
Package pdftexcmds Info: \pdf@ifprimitive is available.
Package pdftexcmds Info: \pdfdraftmode found.
)
Package grfext Info: Graphics extension search list:
(grfext)             [.png,.pdf,.jpg,.mps,.jpeg,.jbig2,.jb2,.PNG,.PDF,.JPG,.JPE
G,.JBIG2,.JB2,.eps]
(grfext)             \AppendGraphicsExtensions on input line 452.

(/usr/local/texlive/2011/texmf-dist/tex/latex/latexconfig/epstopdf-sys.cfg
File: epstopdf-sys.cfg 2010/07/13 v1.3 Configuration of (r)epstopdf for TeX Liv
e
)))
(/usr/local/texlive/2011/texmf-dist/tex/latex/listings/listings.sty
\lst@mode=\count97
\lst@gtempboxa=\box26
\lst@token=\toks16
\lst@length=\count98
\lst@currlwidth=\dimen126
\lst@column=\count99
\lst@pos=\count100
\lst@lostspace=\dimen127
\lst@width=\dimen128
\lst@newlines=\count101
\lst@lineno=\count102
\lst@maxwidth=\dimen129

(/usr/local/texlive/2011/texmf-dist/tex/latex/listings/lstmisc.sty
File: lstmisc.sty 2007/02/22 1.4 (Carsten Heinz)
\c@lstnumber=\count103
\lst@skipnumbers=\count104
\lst@framebox=\box27
)
(/usr/local/texlive/2011/texmf-dist/tex/latex/listings/listings.cfg
File: listings.cfg 2007/02/22 1.4 listings configuration
))
Package: listings 2007/02/22 1.4 (Carsten Heinz)

(/usr/local/texlive/2011/texmf-dist/tex/latex/graphics/color.sty
Package: color 2005/11/14 v1.0j Standard LaTeX Color (DPC)

(/usr/local/texlive/2011/texmf-dist/tex/latex/latexconfig/color.cfg
File: color.cfg 2007/01/18 v1.5 color configuration of teTeX/TeXLive
)
Package color Info: Driver file: pdftex.def on input line 130.
)
(/usr/local/texlive/2011/texmf-dist/tex/latex/setspace/setspace.sty
Package: setspace 2000/12/01 6.7 Contributed and Supported LaTeX2e package

Package: `setspace' 6.7 <2000/12/01>
) (/usr/local/texlive/2011/texmf-dist/tex/latex/tocloft/tocloft.sty
Package: tocloft 2010/10/13 v2.3e parameterised ToC, etc., typesetting
Package tocloft Info: The document has chapter divisions on input line 43.
\cftparskip=\skip45
\cftbeforetoctitleskip=\skip46
\cftaftertoctitleskip=\skip47
\cftbeforepartskip=\skip48
\cftpartnumwidth=\skip49
\cftpartindent=\skip50
\cftbeforechapskip=\skip51
\cftchapindent=\skip52
\cftchapnumwidth=\skip53
\cftbeforesecskip=\skip54
\cftsecindent=\skip55
\cftsecnumwidth=\skip56
\cftbeforesubsecskip=\skip57
\cftsubsecindent=\skip58
\cftsubsecnumwidth=\skip59
\cftbeforesubsubsecskip=\skip60
\cftsubsubsecindent=\skip61
\cftsubsubsecnumwidth=\skip62
\cftbeforeparaskip=\skip63
\cftparaindent=\skip64
\cftparanumwidth=\skip65
\cftbeforesubparaskip=\skip66
\cftsubparaindent=\skip67
\cftsubparanumwidth=\skip68
\cftbeforeloftitleskip=\skip69
\cftafterloftitleskip=\skip70
\cftbeforefigskip=\skip71
\cftfigindent=\skip72
\cftfignumwidth=\skip73
\c@lofdepth=\count105
\c@lotdepth=\count106
\cftbeforelottitleskip=\skip74
\cftafterlottitleskip=\skip75
\cftbeforetabskip=\skip76
\cfttabindent=\skip77
\cfttabnumwidth=\skip78
)
(/usr/local/texlive/2011/texmf-dist/tex/latex/hyperref/hyperref.sty
Package: hyperref 2011/12/04 v6.82m Hypertext links for LaTeX

(/usr/local/texlive/2011/texmf-dist/tex/generic/oberdiek/hobsub-hyperref.sty
Package: hobsub-hyperref 2011/04/23 v1.4 Bundle oberdiek, subset hyperref (HO)

(/usr/local/texlive/2011/texmf-dist/tex/generic/oberdiek/hobsub-generic.sty
Package: hobsub-generic 2011/04/23 v1.4 Bundle oberdiek, subset generic (HO)
Package: hobsub 2011/04/23 v1.4 Subsetting bundle oberdiek (HO)
Package hobsub Info: Skipping package `infwarerr' (already loaded).
Package hobsub Info: Skipping package `ltxcmds' (already loaded).
Package hobsub Info: Skipping package `ifluatex' (already loaded).
Package hobsub Info: Skipping package `ifvtex' (already loaded).
Package: intcalc 2007/09/27 v1.1 Expandable integer calculations (HO)
Package hobsub Info: Skipping package `ifpdf' (already loaded).
Package hobsub Info: Skipping package `etexcmds' (already loaded).
Package hobsub Info: Skipping package `kvsetkeys' (already loaded).
Package hobsub Info: Skipping package `kvdefinekeys' (already loaded).
Package hobsub Info: Skipping package `pdftexcmds' (already loaded).
Package: pdfescape 2011/04/04 v1.12 Provides string conversions (HO)
Package: bigintcalc 2011/01/30 v1.2 Expandable big integer calculations (HO)
Package: bitset 2011/01/30 v1.1 Data type bit set (HO)
Package: uniquecounter 2011/01/30 v1.2 Provides unlimited unique counter (HO)
)
Package hobsub Info: Skipping package `hobsub' (already loaded).
Package: letltxmacro 2010/09/02 v1.4 Let assignment for LaTeX macros (HO)
Package: hopatch 2011/01/30 v1.0 Wrapper for package hooks (HO)
Package: xcolor-patch 2011/01/30 xcolor patch
Package: atveryend 2011/04/23 v1.7 Hooks at very end of document (HO)
Package: atbegshi 2011/01/30 v1.15 At begin shipout hook (HO)
Package: refcount 2010/12/01 v3.2 Data extraction from references (HO)
Package: hycolor 2011/01/30 v1.7 Color options of hyperref/bookmark (HO)
)
\@linkdim=\dimen130
\Hy@linkcounter=\count107
\Hy@pagecounter=\count108

(/usr/local/texlive/2011/texmf-dist/tex/latex/hyperref/pd1enc.def
File: pd1enc.def 2011/12/04 v6.82m Hyperref: PDFDocEncoding definition (HO)
)
\Hy@SavedSpaceFactor=\count109

(/usr/local/texlive/2011/texmf-dist/tex/latex/latexconfig/hyperref.cfg
File: hyperref.cfg 2002/06/06 v1.2 hyperref configuration of TeXLive
)
Package hyperref Info: Hyper figures OFF on input line 4046.
Package hyperref Info: Link nesting OFF on input line 4051.
Package hyperref Info: Hyper index ON on input line 4054.
Package hyperref Info: Plain pages OFF on input line 4061.
Package hyperref Info: Backreferencing OFF on input line 4066.
Package hyperref Info: Implicit mode ON; LaTeX internals redefined.
Package hyperref Info: Bookmarks ON on input line 4284.
\c@Hy@tempcnt=\count110

(/usr/local/texlive/2011/texmf-dist/tex/latex/url/url.sty
\Urlmuskip=\muskip10
Package: url 2006/04/12  ver 3.3  Verb mode for urls, etc.
)
LaTeX Info: Redefining \url on input line 4637.
\Fld@menulength=\count111
\Field@Width=\dimen131
\Fld@charsize=\dimen132
Package hyperref Info: Hyper figures OFF on input line 5757.
Package hyperref Info: Link nesting OFF on input line 5762.
Package hyperref Info: Hyper index ON on input line 5765.
Package hyperref Info: backreferencing OFF on input line 5772.
Package hyperref Info: Link coloring OFF on input line 5777.
Package hyperref Info: Link coloring with OCG OFF on input line 5782.
Package hyperref Info: PDF/A mode OFF on input line 5787.
LaTeX Info: Redefining \ref on input line 5827.
LaTeX Info: Redefining \pageref on input line 5831.
\Hy@abspage=\count112
\c@Item=\count113
\c@Hfootnote=\count114
)

Package hyperref Message: Driver (autodetected): hpdftex.

(/usr/local/texlive/2011/texmf-dist/tex/latex/hyperref/hpdftex.def
File: hpdftex.def 2011/12/04 v6.82m Hyperref driver for pdfTeX
\Fld@listcount=\count115
\c@bookmark@seq@number=\count116

(/usr/local/texlive/2011/texmf-dist/tex/latex/oberdiek/rerunfilecheck.sty
Package: rerunfilecheck 2011/04/15 v1.7 Rerun checks for auxiliary files (HO)
Package uniquecounter Info: New unique counter `rerunfilecheck' on input line 2
82.
)
\Hy@SectionHShift=\skip79
)
(/usr/local/texlive/2011/texmf-dist/tex/latex/cleveref/cleveref.sty
Package: cleveref 2011/03/22 v0.17.9 Intelligent cross-referencing
Package cleveref Info: `hyperref' support loaded on input line 2157.
LaTeX Info: Redefining \cref on input line 2157.
LaTeX Info: Redefining \Cref on input line 2157.
LaTeX Info: Redefining \crefrange on input line 2157.
LaTeX Info: Redefining \Crefrange on input line 2157.
Package cleveref Info: `listings' support loaded on input line 2312.
Package cleveref Info: loaded `english' language definitions on input line 5499
.
)
(/usr/local/texlive/2011/texmf-dist/tex/latex/appendix/appendix.sty
Package: appendix 2009/09/02 v1.2b extra appendix facilities
\c@@pps=\count117
\c@@ppsavesec=\count118
\c@@ppsaveapp=\count119
)
(/usr/local/texlive/2011/texmf-dist/tex/latex/tools/tabularx.sty
Package: tabularx 1999/01/07 v2.07 `tabularx' package (DPC)

(/usr/local/texlive/2011/texmf-dist/tex/latex/tools/array.sty
Package: array 2008/09/09 v2.4c Tabular extension package (FMi)
\col@sep=\dimen133
\extrarowheight=\dimen134
\NC@list=\toks17
\extratabsurround=\skip80
\backup@length=\skip81
)
\TX@col@width=\dimen135
\TX@old@table=\dimen136
\TX@old@col=\dimen137
\TX@target=\dimen138
\TX@delta=\dimen139
\TX@cols=\count120
\TX@ftn=\toks18
)
(/usr/local/texlive/2011/texmf-dist/tex/latex/placeins/placeins.sty
Package: placeins 2005/04/18  v 2.2
)
Package grfext Info: Graphics extension search list:
(grfext)             [.eps,.png,.pdf,.jpg,.mps,.jpeg,.jbig2,.jb2,.PNG,.PDF,.JPG
,.JPEG,.JBIG2,.JB2]
(grfext)             \PrependGraphicsExtensions on input line 9.

(./thesis.aux (./title.aux) (./copyright.aux) (./approval.aux)
(./dedication.aux) (./acknowledgments.aux) (./signature_page.aux)
(./chapters/introduction.aux) (./chapters/BOLDandTemp.aux)
(./chapters/detectors.aux) (./chapters/conclusion.aux) (./appendix.aux))
\openout1 = `thesis.aux'.

LaTeX Font Info:    Checking defaults for OML/cmm/m/it on input line 70.
LaTeX Font Info:    ... okay on input line 70.
LaTeX Font Info:    Checking defaults for T1/cmr/m/n on input line 70.
LaTeX Font Info:    ... okay on input line 70.
LaTeX Font Info:    Checking defaults for OT1/cmr/m/n on input line 70.
LaTeX Font Info:    ... okay on input line 70.
LaTeX Font Info:    Checking defaults for OMS/cmsy/m/n on input line 70.
LaTeX Font Info:    ... okay on input line 70.
LaTeX Font Info:    Checking defaults for OMX/cmex/m/n on input line 70.
LaTeX Font Info:    ... okay on input line 70.
LaTeX Font Info:    Checking defaults for U/cmr/m/n on input line 70.
LaTeX Font Info:    ... okay on input line 70.
LaTeX Font Info:    Checking defaults for PD1/pdf/m/n on input line 70.
LaTeX Font Info:    ... okay on input line 70.

*geometry* driver: auto-detecting
*geometry* detected driver: pdftex
*geometry* verbose mode - [ preamble ] result:
* driver: pdftex
* paper: <default>
* layout: <same size as paper>
* layoutoffset:(h,v)=(0.0pt,0.0pt)
* modes: 
* h-part:(L,W,R)=(72.26999pt, 469.75502pt, 72.26999pt)
* v-part:(T,H,B)=(72.26999pt, 650.43001pt, 72.26999pt)
* \paperwidth=614.295pt
* \paperheight=794.96999pt
* \textwidth=469.75502pt
* \textheight=650.43001pt
* \oddsidemargin=0.0pt
* \evensidemargin=0.0pt
* \topmargin=-37.0pt
* \headheight=12.0pt
* \headsep=25.0pt
* \topskip=10.0pt
* \footskip=30.0pt
* \marginparwidth=65.0pt
* \marginparsep=11.0pt
* \columnsep=10.0pt
* \skip\footins=9.0pt plus 4.0pt minus 2.0pt
* \hoffset=0.0pt
* \voffset=0.0pt
* \mag=1000
* \@twocolumnfalse
* \@twosidefalse
* \@mparswitchfalse
* \@reversemarginfalse
* (1in=72.27pt=25.4mm, 1cm=28.453pt)

(/usr/local/texlive/2011/texmf-dist/tex/context/base/supp-pdf.mkii
[Loading MPS to PDF converter (version 2006.09.02).]
\scratchcounter=\count121
\scratchdimen=\dimen140
\scratchbox=\box28
\nofMPsegments=\count122
\nofMParguments=\count123
\everyMPshowfont=\toks19
\MPscratchCnt=\count124
\MPscratchDim=\dimen141
\MPnumerator=\count125
\makeMPintoPDFobject=\count126
\everyMPtoPDFconversion=\toks20
)
\c@lstlisting=\count127
\AtBeginShipoutBox=\box29
Package hyperref Info: Link coloring OFF on input line 70.
 (/usr/local/texlive/2011/texmf-dist/tex/latex/hyperref/nameref.sty
Package: nameref 2010/04/30 v2.40 Cross-referencing by name of section

(/usr/local/texlive/2011/texmf-dist/tex/generic/oberdiek/gettitlestring.sty
Package: gettitlestring 2010/12/03 v1.4 Cleanup title references (HO)
)
\c@section@level=\count128
)
LaTeX Info: Redefining \ref on input line 70.
LaTeX Info: Redefining \pageref on input line 70.
LaTeX Info: Redefining \nameref on input line 70.

(./thesis.out) (./thesis.out)
\@outlinefile=\write3
\openout3 = `thesis.out'.

\openout2 = `title.aux'.

 (./title.tex [1


{/usr/local/texlive/2011/texmf-var/fonts/map/pdftex/updmap/pdftex.map}])
\openout2 = `copyright.aux'.

 (./copyright.tex)pdfTeX warning (ext4): destination with the same identifier (
name{page.i}) has been already used, duplicate ignored
<to be read again> 
                   \relax 
l.74 \include{copyright}
                         [1


]
\openout2 = `approval.aux'.

 (./approval.tex) [2


]
\openout2 = `dedication.aux'.

 (./dedication.tex) [3


]
\openout2 = `acknowledgments.aux'.


(./acknowledgments.tex) [4


] (./thesis.toc
LaTeX Font Info:    External font `cmex10' loaded for size
(Font)              <7> on input line 1.
LaTeX Font Info:    External font `cmex10' loaded for size
(Font)              <5> on input line 1.

Overfull \hbox (0.15265pt too wide) detected at line 3
 \OT1/cmr/bx/n/10 viii
 []

[5

])
\tf@toc=\write4
\openout4 = `thesis.toc'.

 [6] (./thesis.lot)
\tf@lot=\write5
\openout5 = `thesis.lot'.

 [7

] (./thesis.lof)
\tf@lof=\write6
\openout6 = `thesis.lof'.

 [8

]
\openout2 = `signature_page.aux'.

 (./signature_page.tex) [9

]
\openout2 = `chapters/introduction.aux'.


(./chapters/introduction.tex
Chapter 1.
) [1



]
\openout2 = `chapters/BOLDandTemp.aux'.

 (./chapters/BOLDandTemp.tex
Chapter 2.
<./figures/flowchart.png, id=304, 698.61pt x 377.2494pt>
File: ./figures/flowchart.png Graphic file (type png)

<use ./figures/flowchart.png>
Package pdftex.def Info: ./figures/flowchart.png used on input line 11.
(pdftex.def)             Requested size: 469.75502pt x 253.67104pt.
 [2



]
Overfull \hbox (1.3492pt too wide) detected at line 40
[][][]\OML/cmm/m/it/10 change in temperature  \OT1/cmr/m/n/10 =  \OML/cmm/m/it/
10 heat generated by metabolism  \OMS/cmsy/m/n/10 ^^@  \OML/cmm/m/it/10 heat lo
st to convection  \OMS/cmsy/m/n/10 ^^@  \OML/cmm/m/it/10 heat lost to conductio
n[]
 []

[3 <./figures/flowchart.png>]
Overfull \hbox (22.00731pt too wide) in alignment at lines 60--86
[][][] 
 []

<./figures/segmented_head.png, id=341, 626.34pt x 293.4162pt>
File: ./figures/segmented_head.png Graphic file (type png)

<use ./figures/segmented_head.png>
Package pdftex.def Info: ./figures/segmented_head.png used on input line 104.
(pdftex.def)             Requested size: 469.75502pt x 220.07056pt.

Overfull \hbox (22.29729pt too wide) in paragraph at lines 103--105
 []|  [] 
 []

[4] <./figures/head_reference.png, id=352, 134.904pt x 112.7412pt>
<use ./figures/head_reference.png>
<./figures/equilibrium_temperature_0_55_52.pdf, id=353, 998.73125pt x 702.625pt
> <use ./figures/equilibrium_temperature_0_55_52.pdf>
<./figures/sim_bold_(48_58_76).pdf, id=354, 1284.8pt x 454.69875pt>
<use ./figures/sim_bold_(48_58_76).pdf>
<./figures/sim_bold_(48_58_56).pdf, id=355, 1284.8pt x 454.69875pt>
<use ./figures/sim_bold_(48_58_56).pdf> <use ./figures/head_reference.png>
<use ./figures/equilibrium_temperature_0_55_52.pdf>
<use ./figures/sim_bold_(48_58_76).pdf>
<use ./figures/sim_bold_(48_58_56).pdf>
File: ./figures/head_reference.png Graphic file (type png)
 <use ./figures/head_reference.png>
Package pdftex.def Info: ./figures/head_reference.png used on input line 128.
(pdftex.def)             Requested size: 169.11209pt x 141.34244pt.
Package epstopdf Info: Source file: <./figures/equilibrium_temperature_0_55_52.
eps>
(epstopdf)                    date: 2011-12-07 12:51:11
(epstopdf)                    size: 9549 bytes
(epstopdf)             Output file: <./figures/equilibrium_temperature_0_55_52.
pdf>
(epstopdf)                    date: 2012-01-26 16:20:53
(epstopdf)                    size: 7339 bytes
(epstopdf)             Command: <repstopdf ./figures/equilibrium_temperature_0_
55_52.eps>
(epstopdf)             \includegraphics on input line 128.
Package epstopdf Info: Output file is already uptodate.
File: ./figures/equilibrium_temperature_0_55_52.pdf Graphic file (type pdf)

<use ./figures/equilibrium_temperature_0_55_52.pdf>
Package pdftex.def Info: ./figures/equilibrium_temperature_0_55_52.pdf used on 
input line 128.
(pdftex.def)             Requested size: 234.8775pt x 165.23482pt.
Package epstopdf Info: Source file: <./figures/sim_bold_(48_58_76).eps>
(epstopdf)                    date: 2011-12-07 10:33:40
(epstopdf)                    size: 18539 bytes
(epstopdf)             Output file: <./figures/sim_bold_(48_58_76).pdf>
(epstopdf)                    date: 2012-01-26 16:20:44
(epstopdf)                    size: 10781 bytes
(epstopdf)             Command: <repstopdf ./figures/sim_bold_(48_58_76).eps>
(epstopdf)             \includegraphics on input line 128.
Package epstopdf Info: Output file is already uptodate.
File: ./figures/sim_bold_(48_58_76).pdf Graphic file (type pdf)

<use ./figures/sim_bold_(48_58_76).pdf>
Package pdftex.def Info: ./figures/sim_bold_(48_58_76).pdf used on input line 1
28.
(pdftex.def)             Requested size: 469.75502pt x 166.24464pt.
Package epstopdf Info: Source file: <./figures/sim_bold_(48_58_56).eps>
(epstopdf)                    date: 2011-12-07 10:34:35
(epstopdf)                    size: 18707 bytes
(epstopdf)             Output file: <./figures/sim_bold_(48_58_56).pdf>
(epstopdf)                    date: 2012-01-26 16:20:45
(epstopdf)                    size: 10406 bytes
(epstopdf)             Command: <repstopdf ./figures/sim_bold_(48_58_56).eps>
(epstopdf)             \includegraphics on input line 128.
Package epstopdf Info: Output file is already uptodate.
File: ./figures/sim_bold_(48_58_56).pdf Graphic file (type pdf)

<use ./figures/sim_bold_(48_58_56).pdf>
Package pdftex.def Info: ./figures/sim_bold_(48_58_56).pdf used on input line 1
28.
(pdftex.def)             Requested size: 469.75502pt x 166.24464pt.

Overfull \hbox (12.0pt too wide) in alignment at lines 128--128
[][] 
 []

[5 <./figures/segmented_head.png>] [6 <./figures/head_reference.png> <./figures
/equilibrium_temperature_0_55_52.pdf> <./figures/sim_bold_(48_58_76).pdf> <./fi
gures/sim_bold_(48_58_56).pdf>]
Package epstopdf Info: Source file: <./figures/slice_x_24.eps>
(epstopdf)                    date: 2011-12-09 09:16:40
(epstopdf)                    size: 20559517 bytes
(epstopdf)             Output file: <./figures/slice_x_24.pdf>
(epstopdf)                    date: 2012-01-26 16:20:46
(epstopdf)                    size: 105883 bytes
(epstopdf)             Command: <repstopdf ./figures/slice_x_24.eps>
(epstopdf)             \includegraphics on input line 138.
Package epstopdf Info: Output file is already uptodate.

<./figures/slice_x_24.pdf, id=384, 1127.21124pt x 702.625pt>
File: ./figures/slice_x_24.pdf Graphic file (type pdf)

<use ./figures/slice_x_24.pdf>
Package pdftex.def Info: ./figures/slice_x_24.pdf used on input line 138.
(pdftex.def)             Requested size: 469.75502pt x 292.81686pt.
Package epstopdf Info: Source file: <./figures/avg_data_24_52_67.eps>
(epstopdf)                    date: 2011-12-09 08:59:55
(epstopdf)                    size: 22681 bytes
(epstopdf)             Output file: <./figures/avg_data_24_52_67.pdf>
(epstopdf)                    date: 2012-01-26 16:20:47
(epstopdf)                    size: 9642 bytes
(epstopdf)             Command: <repstopdf ./figures/avg_data_24_52_67.eps>
(epstopdf)             \includegraphics on input line 139.
Package epstopdf Info: Output file is already uptodate.

<./figures/avg_data_24_52_67.pdf, id=385, 1127.21124pt x 702.625pt>
File: ./figures/avg_data_24_52_67.pdf Graphic file (type pdf)

<use ./figures/avg_data_24_52_67.pdf>
Package pdftex.def Info: ./figures/avg_data_24_52_67.pdf used on input line 139
.
(pdftex.def)             Requested size: 469.75502pt x 292.81686pt.

Overfull \hbox (10.0pt too wide) in paragraph at lines 136--142
 []$ 
 []


LaTeX Warning: Float too large for page by 10.4038pt on input line 144.

) [7 <./figures/slice_x_24.pdf> <./figures/avg_data_24_52_67.pdf>]
\openout2 = `chapters/detectors.aux'.


(./chapters/detectors.tex
Chapter 3.
Package epstopdf Info: Source file: <./figures/AbsorptionData.eps>
(epstopdf)                    date: 2012-01-17 10:29:06
(epstopdf)                    size: 11130 bytes
(epstopdf)             Output file: <./figures/AbsorptionData.pdf>
(epstopdf)                    date: 2012-01-17 16:34:32
(epstopdf)                    size: 8825 bytes
(epstopdf)             Command: <repstopdf ./figures/AbsorptionData.eps>
(epstopdf)             \includegraphics on input line 7.
Package epstopdf Info: Output file is already uptodate.
<./figures/AbsorptionData.pdf, id=418, 1127.21124pt x 504.88625pt>
File: ./figures/AbsorptionData.pdf Graphic file (type pdf)

<use ./figures/AbsorptionData.pdf>
Package pdftex.def Info: ./figures/AbsorptionData.pdf used on input line 7.
(pdftex.def)             Requested size: 469.75502pt x 210.40982pt.
 [8




] [9 <./figures/AbsorptionData.pdf>])
[10

]
\openout2 = `chapters/conclusion.aux'.

 (./chapters/conclusion.tex
Chapter 4.
) [11



] (./thesis.bbl) [12


]
\openout2 = `appendix.aux'.

 (./appendix.tex
Appendix A.
(/usr/local/texlive/2011/texmf-dist/tex/latex/listings/lstlang1.sty
File: lstlang1.sty 2004/09/05 1.3 listings language file
)
(./code/BulkImportNII.m [13


] [14] [15]) (./code/fillAir.m [16])
(./code/fillholes.m [17] [18]) (./code/build_skin.m [19])
(./code/repair_headdata.m [20]) [21] (./code/Process_Files_For_Temp.m [22

]
[23] [24]) (./code/avg_NII_normalize.m [25] [26] [27] [28])
(./code/avg_NII_rest.m [29] [30]) (./code/BOLDtoMF.m [31] [32] [33])
Overfull \hbox (16.74077pt too wide) in paragraph at lines 37--38
\OT1/cmtt/m/n/10 mathworks . com / matlabcentral / fileexchange / 3644-[]real-[
]values-[]of-[]the-[]lambert-[]w-[]function / content /
 []

(./code/lambw.m [34]) [35] (./code/tempCalcEquilibrium.m [36

] [37] [38]
[39] [40]) [41] (./code/tempCalcDynMF.m [42

] [43] [44] [45] [46]) [47]
Appendix B.

Package hyperref Warning: Difference (2) between bookmark levels is greater 
(hyperref)                than one, level fixed on input line 55.

(./code/TempPlot.m [48

] [49] [50])
<./figures/tsliceplot/default-view.png, id=1684, 1012.78375pt x 611.28375pt>
File: ./figures/tsliceplot/default-view.png Graphic file (type png)

<use ./figures/tsliceplot/default-view.png>
Package pdftex.def Info: ./figures/tsliceplot/default-view.png used on input li
ne 70.
(pdftex.def)             Requested size: 469.75502pt x 283.52579pt.

<./figures/tsliceplot/z-plane-view.png, id=1686, 1012.78375pt x 611.28375pt>
File: ./figures/tsliceplot/z-plane-view.png Graphic file (type png)

<use ./figures/tsliceplot/z-plane-view.png>
Package pdftex.def Info: ./figures/tsliceplot/z-plane-view.png used on input li
ne 77.
(pdftex.def)             Requested size: 469.75502pt x 283.52579pt.
) [51 <./figures/tsliceplot/default-view.png>] [52 <./figures/tsliceplot/z-plan
e-view.png>]
Package atveryend Info: Empty hook `BeforeClearDocument' on input line 101.
Package atveryend Info: Empty hook `AfterLastShipout' on input line 101.
 (./thesis.aux
(./title.aux) (./copyright.aux) (./approval.aux) (./dedication.aux)
(./acknowledgments.aux) (./signature_page.aux) (./chapters/introduction.aux)
(./chapters/BOLDandTemp.aux) (./chapters/detectors.aux)
(./chapters/conclusion.aux) (./appendix.aux))
Package atveryend Info: Executing hook `AtVeryEndDocument' on input line 101.
Package atveryend Info: Executing hook `AtEndAfterFileList' on input line 101.
Package rerunfilecheck Info: File `thesis.out' has not changed.
(rerunfilecheck)             Checksum: EEF1553E5FF0663D68183AA4722F26FE;3209.
 ) 
Here is how much of TeX's memory you used:
 11091 strings out of 493629
 172980 string characters out of 3143323
 732343 words of memory out of 3000000
 12998 multiletter control sequences out of 15000+200000
 8251 words of font info for 30 fonts, out of 3000000 for 9000
 831 hyphenation exceptions out of 8191
 42i,14n,52p,921b,2319s stack positions out of 5000i,500n,10000p,200000b,50000s
</usr/local/texlive/2011/texmf-dist/fonts/type1/public/amsfonts/cm/cmbx10.pfb
></usr/local/texlive/2011/texmf-dist/fonts/type1/public/amsfonts/cm/cmbx12.pfb>
</usr/local/texlive/2011/texmf-dist/fonts/type1/public/amsfonts/cm/cmcsc10.pfb>
</usr/local/texlive/2011/texmf-dist/fonts/type1/public/amsfonts/cm/cmex10.pfb><
/usr/local/texlive/2011/texmf-dist/fonts/type1/public/amsfonts/cm/cmmi10.pfb></
usr/local/texlive/2011/texmf-dist/fonts/type1/public/amsfonts/cm/cmmi5.pfb></us
r/local/texlive/2011/texmf-dist/fonts/type1/public/amsfonts/cm/cmmi7.pfb></usr/
local/texlive/2011/texmf-dist/fonts/type1/public/amsfonts/cm/cmr10.pfb></usr/lo
cal/texlive/2011/texmf-dist/fonts/type1/public/amsfonts/cm/cmr17.pfb></usr/loca
l/texlive/2011/texmf-dist/fonts/type1/public/amsfonts/cm/cmr5.pfb></usr/local/t
exlive/2011/texmf-dist/fonts/type1/public/amsfonts/cm/cmr7.pfb></usr/local/texl
ive/2011/texmf-dist/fonts/type1/public/amsfonts/cm/cmr8.pfb></usr/local/texlive
/2011/texmf-dist/fonts/type1/public/amsfonts/cm/cmsy10.pfb></usr/local/texlive/
2011/texmf-dist/fonts/type1/public/amsfonts/cm/cmsy7.pfb></usr/local/texlive/20
11/texmf-dist/fonts/type1/public/amsfonts/cm/cmti10.pfb></usr/local/texlive/201
1/texmf-dist/fonts/type1/public/amsfonts/cm/cmtt10.pfb></usr/local/texlive/2011
/texmf-dist/fonts/type1/public/amsfonts/cm/cmtt9.pfb>
Output written on thesis.pdf (62 pages, 821146 bytes).
PDF statistics:
 2001 PDF objects out of 2073 (max. 8388607)
 1857 compressed objects within 19 object streams
 1165 named destinations out of 1200 (max. 500000)
 416 words of extra memory for PDF output out of 10000 (max. 10000000)

