\BOOKMARK [0][-]{Doc-Start}{Acknowledgments}{}% 1
\BOOKMARK [0][-]{Doc-Start}{List of Tables}{}% 2
\BOOKMARK [0][-]{Doc-Start}{List of Figures}{}% 3
\BOOKMARK [0][-]{chapter.1}{Introduction}{}% 4
\BOOKMARK [0][-]{chapter.2}{Calculating Temperature Changes using the fMRI BOLD Response}{}% 5
\BOOKMARK [1][-]{section.2.1}{Background}{chapter.2}% 6
\BOOKMARK [2][-]{subsection.2.1.1}{ Previously Proposed Temperature Models}{section.2.1}% 7
\BOOKMARK [3][-]{section*.1}{Single-Voxel Approach}{subsection.2.1.1}% 8
\BOOKMARK [3][-]{section*.2}{Multi-Voxel Approach}{subsection.2.1.1}% 9
\BOOKMARK [1][-]{section.2.2}{Modeling the BOLD Response}{chapter.2}% 10
\BOOKMARK [1][-]{section.2.3}{Modeling Temperature}{chapter.2}% 11
\BOOKMARK [2][-]{subsection.2.3.1}{The Approach}{section.2.3}% 12
\BOOKMARK [3][-]{section*.3}{Preparing the files for calculation}{subsection.2.3.1}% 13
\BOOKMARK [3][-]{section*.4}{Calculating the equilibrium temperature}{subsection.2.3.1}% 14
\BOOKMARK [3][-]{section*.5}{Calculating Metabolism and Blood Flow Changes}{subsection.2.3.1}% 15
\BOOKMARK [3][-]{section*.6}{Calculating the change in temperature in the active brain}{subsection.2.3.1}% 16
\BOOKMARK [2][-]{subsection.2.3.2}{Results}{section.2.3}% 17
\BOOKMARK [3][-]{section*.7}{Using Theoretical BOLD Data}{subsection.2.3.2}% 18
\BOOKMARK [3][-]{section*.8}{Using Experimental BOLD Data}{subsection.2.3.2}% 19
\BOOKMARK [0][-]{chapter.3}{Detector Applications to measuring the active brain}{}% 20
\BOOKMARK [1][-]{section.3.1}{Functional Near-Infrared fNIR Imaging}{chapter.3}% 21
\BOOKMARK [1][-]{section.3.2}{Temperature Measurements}{chapter.3}% 22
\BOOKMARK [0][-]{chapter.4}{Conclusion}{}% 23
\BOOKMARK [0][-]{chapter.4}{References}{}% 24
\BOOKMARK [0][-]{section*.10}{Appendices}{}% 25
\BOOKMARK [0][-]{appendix.A}{Code}{}% 26
\BOOKMARK [1][-]{section.A.1}{Creating the Head Matrix}{appendix.A}% 27
\BOOKMARK [2][-]{subsection.A.1.1}{ImportSegmentedT1\(\)}{section.A.1}% 28
\BOOKMARK [2][-]{subsection.A.1.2}{fillAir\(\)}{section.A.1}% 29
\BOOKMARK [2][-]{subsection.A.1.3}{fillHoles\(\)}{section.A.1}% 30
\BOOKMARK [2][-]{subsection.A.1.4}{build\137skin\(\)}{section.A.1}% 31
\BOOKMARK [2][-]{subsection.A.1.5}{repair\137headdata\(\)}{section.A.1}% 32
\BOOKMARK [1][-]{section.A.2}{Loading the fMRI Data}{appendix.A}% 33
\BOOKMARK [2][-]{subsection.A.2.1}{sample\137bold\137import\(\)}{section.A.2}% 34
\BOOKMARK [2][-]{subsection.A.2.2}{avg\137NII\137rest\(\)}{section.A.2}% 35
\BOOKMARK [2][-]{subsection.A.2.3}{avg\137NII\137normalize\(\)}{section.A.2}% 36
\BOOKMARK [2][-]{subsection.A.2.4}{BOLDtoMF\(\)}{section.A.2}% 37
\BOOKMARK [2][-]{subsection.A.2.5}{lambw\(\) and lambw\137mex\(\)}{section.A.2}% 38
\BOOKMARK [1][-]{section.A.3}{Calculating the Equilibrium Temperature}{appendix.A}% 39
\BOOKMARK [2][-]{subsection.A.3.1}{tempCalcEquilibrium\(\)}{section.A.3}% 40
\BOOKMARK [1][-]{section.A.4}{Calculating the Temperature Change}{appendix.A}% 41
\BOOKMARK [2][-]{subsection.A.4.1}{tempCalcDynMF}{section.A.4}% 42
\BOOKMARK [0][-]{appendix.B}{Visualization Tools}{}% 43
\BOOKMARK [1][-]{subsection.B.0.2}{TempPlot\(\)}{appendix.B}% 44
\BOOKMARK [2][-]{subsection.B.0.3}{tsliceplot}{subsection.B.0.2}% 45
